BASH=/bin/bash
BASHOPTS=cmdhist:extquote:force_fignore:hostcomplete:interactive_comments:progcomp:promptvars:sourcepath
BOOT_IMAGE=vmlinuz-2.6.32-5-amd64
BROADCAST=10.0.0.255
CONSOLE=/dev/console
DEBIAN_FRONTEND=noninteractive
DNSSRVS=192.168.1.1
DNSSRVS_1=192.168.1.1
DOMAIN=rfz.local
FAI=/var/lib/fai/config
FAI_ACTION=install
FAI_ALLOW_UNSIGNED=1
FAI_CONFIGDIR=/srv/fai/config
FAI_CONFIG_SRC=nfs://10.0.0.1/srv/fai/config
FAI_ETC_DIR=/etc/fai
FAI_FLAGS='verbose sshd reboot'
FAI_LOGPROTO=ssh
FAI_ROOT=/target
FAI_VERSION='FAI 3.4.7, 24 Dec 2010'
GATEWAYS=10.0.0.1
GATEWAYS_1=10.0.0.1
HOSTNAME=debian
HOSTTYPE=x86_64
IFS=$' \t\n'
INIT_VERSION=sysvinit-2.88
IPADDR=10.0.0.101
KEYMAP=se-latin1
LOGDIR=/tmp/fai
LOGPASSWD='$1$kBnWcO.E$djxB128U7dMkrltJHPf6d1'
LOGSERVER=10.0.0.1
LOGUSER=fai
MACHTYPE=x86_64-pc-linux-gnu
MNTPOINT=/media/mirror
MODULE=filesystem
MODULESLIST='usbkbd ehci-hcd ohci-hcd uhci-hcd usbhid psmouse'
NETBOOT=nfs
NETMASK=255.255.255.0
NETWORK=10.0.0.0
NTPSRVS=10.0.0.1
NTPSRVS_1=10.0.0.1
OLDPWD=/
OPTERR=1
OPTIND=1
OSTYPE=linux-gnu
PATH=/usr/local/sbin:/usr/local/bin:/usr/lib/fai:/usr/sbin:/usr/bin:/sbin:/bin
PREVLEVEL=N
PS4='+ '
ROOTCMD='chroot /target'
RUNLEVEL=S
SERVER=10.0.0.1
SHELL=/bin/sh
SHLVL=1
STATICIP=dhcp
STOP_ON_ERROR=700
TERM=linux
TIMEZONE=Europe/Stockholm
UNIONTYPE=aufs
USE_SETUP_STORAGE=1
UTC=yes
boot=live
cfclasses=DEFAULT.LINUX.AMD64.BC_BASE.HDD_SINGLE.NW_DHCP.LANG_SWEDISH.OS_ELEMENTARY_02_X64.GRUB.debian.LAST
classes=$'DEFAULT\nLINUX\nAMD64\nBC_BASE\nHDD_SINGLE\nNW_DHCP\nLANG_SWEDISH\nOS_ELEMENTARY_02_X64\nGRUB\ndebian\nLAST'
disklist=sda
do_init_tasks=1
fai_rundate=20131125_093356
faimond=1
flag_reboot=1
flag_verbose=1
image=/live/image/live/filesystem.dir
init=/sbin/init
initrd=initrd.img-2.6.32-5-amd64
ip=dhcp
method=nfs
monserver=10.0.0.1
netdevices=eth0
netdevices_all=eth0
netdevices_up=eth0
nfsroot=/srv/fai/nfsroot
odir=/
printk=6
romountopt='-o async,noatime,nolock,ro,actimeo=1800'
root=/dev/nfs
rootmnt=/root
sendhostname=debian
stamp=/var/run/fai/FAI_INSTALLATION_IN_PROGRESS
start_seconds=9
target=/target
task_error=0
task_error_func=
taskname=defvar
verbose=1
word=BOOT_IMAGE=vmlinuz-2.6.32-5-amd64
