=====   shell: BC_BASE/10-misc   =====
fcopy: Nonexisting directory /var/lib/fai/config/files/etc/modules. No files copied.
ainsl: appending to /target/etc/modules: usbkbd
ainsl: appending to /target/etc/modules: ehci-hcd
ainsl: appending to /target/etc/modules: ohci-hcd
ainsl: appending to /target/etc/modules: uhci-hcd
ainsl: appending to /target/etc/modules: usbhid
ainsl: appending to /target/etc/modules: psmouse
fcopy: Nonexisting directory /var/lib/fai/config/files/etc/hostname. No files copied.
fcopy: Nonexisting directory /var/lib/fai/config/files/etc/hosts. No files copied.
fcopy: Nonexisting directory /var/lib/fai/config/files/etc/motd. No files copied.
BC_BASE/10-misc      OK.

=====   shell: BC_BASE/20-fcopy   =====
fcopy: copied /var/lib/fai/config/files/etc/network/interfaces/NW_DHCP to /target/etc/network/interfaces
fcopy: Nonexisting directory /var/lib/fai/config/files/etc/ssh_known_hosts. No files copied.
fcopy: copied /var/lib/fai/config/files/etc/default/locale/LANG_SWEDISH to /target/etc/default/locale
fcopy: copied /var/lib/fai/config/files/etc/default/keyboard/LANG_SWEDISH to /target/etc/default/keyboard
BC_BASE/20-fcopy     OK.

=====   shell: GRUB/10-setup   =====
Installation finished. No error reported.
Grub installed on /dev/sda = (hd0)
Generating grub.cfg ...
Found linux image: /boot/vmlinuz-3.2.0-4-amd64
Found initrd image: /boot/initrd.img-3.2.0-4-amd64
done
GRUB/10-setup        OK.

=====   shell: GRUB/20-initramfs   =====
update-initramfs: Generating /boot/initrd.img-3.2.0-4-amd64
GRUB/20-initramfs    OK.

=====   shell: LAST/40-language   =====
LAST/40-language     OK.

=====   shell: LAST/50-misc   =====
Running "apt-get -f install" for the last time.
Reading package lists...
Building dependency tree...
Reading state information...
0 upgraded, 0 newly installed, 0 to remove and 0 not upgraded.
LAST/50-misc         OK.

